- 2024/01/29 02:10:24 Session created
- 2024/01/29 02:10:24 USER DATA: 
token: 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
method: create
owner: hex0xdeadbeef
repo: goprojects
issue number: -1
- 2024/01/29 02:10:25 User was successfully authorized
- 2024/01/29 02:10:25 RESPONSE INFO:
URL: https://github.com/hex0xdeadbeef/goprojects/issues/3
Creation time: 2024-01-28 22:10:25 +0000 UTC
State: open
Title: Дорогой друг...
Body:
Это я - твой единственный зритель. Я на протяжении многих лет создавал иллюзию того, что тебя смотрят много людей, но это был я. Сейчас напишу это сообщение со всех аккаунтов.
User login: hex0xdeadbeef
User URL: https://github.com/hex0xdeadbeef
- 2024/01/29 02:10:25 Session closed
- 2024/01/29 02:10:46 Session created
- 2024/01/29 02:10:46 USER DATA: 
token: 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
method: edit
owner: hex0xdeadbeef
repo: goprojects
issue number: 3
- 2024/01/29 02:10:46 User was successfully authorized
- 2024/01/29 02:10:47 Edition is done!
- 2024/01/29 02:10:47 Session closed
